Analysis & Synthesis report for max10_uart
Sun Apr 19 02:23:40 2020
Quartus Prime Version 19.1.0 Build 670 09/22/2019 SJ Lite Edition


---------------------
; Table of Contents ;
---------------------
  1. Legal Notice
  2. Analysis & Synthesis Summary
  3. Analysis & Synthesis Settings
  4. Parallel Compilation
  5. Analysis & Synthesis Source Files Read
  6. Analysis & Synthesis Resource Usage Summary
  7. Analysis & Synthesis Resource Utilization by Entity
  8. Registers Removed During Synthesis
  9. Removed Registers Triggering Further Register Optimizations
 10. General Register Statistics
 11. Inverted Register Statistics
 12. Multiplexer Restructuring Statistics (Restructuring Performed)
 13. Parameter Settings for User Entity Instance: uart_rx:U2
 14. Parameter Settings for User Entity Instance: uart_tx:U1
 15. Port Connectivity Checks: "uart_rx:U2"
 16. Post-Synthesis Netlist Statistics for Top Partition
 17. Elapsed Time Per Partition
 18. Analysis & Synthesis Messages
 19. Analysis & Synthesis Suppressed Messages



----------------
; Legal Notice ;
----------------
Copyright (C) 2019  Intel Corporation. All rights reserved.
Your use of Intel Corporation's design tools, logic functions 
and other software and tools, and any partner logic 
functions, and any output files from any of the foregoing 
(including device programming or simulation files), and any 
associated documentation or information are expressly subject 
to the terms and conditions of the Intel Program License 
Subscription Agreement, the Intel Quartus Prime License Agreement,
the Intel FPGA IP License Agreement, or other applicable license
agreement, including, without limitation, that your use is for
the sole purpose of programming logic devices manufactured by
Intel and sold by Intel or its authorized distributors.  Please
refer to the applicable agreement for further details, at
https://fpgasoftware.intel.com/eula.



+----------------------------------------------------------------------------------+
; Analysis & Synthesis Summary                                                     ;
+------------------------------------+---------------------------------------------+
; Analysis & Synthesis Status        ; Successful - Sun Apr 19 02:23:40 2020       ;
; Quartus Prime Version              ; 19.1.0 Build 670 09/22/2019 SJ Lite Edition ;
; Revision Name                      ; max10_uart                                  ;
; Top-level Entity Name              ; top                                         ;
; Family                             ; MAX 10                                      ;
; Total logic elements               ; 166                                         ;
;     Total combinational functions  ; 145                                         ;
;     Dedicated logic registers      ; 93                                          ;
; Total registers                    ; 93                                          ;
; Total pins                         ; 39                                          ;
; Total virtual pins                 ; 0                                           ;
; Total memory bits                  ; 0                                           ;
; Embedded Multiplier 9-bit elements ; 0                                           ;
; Total PLLs                         ; 0                                           ;
; UFM blocks                         ; 0                                           ;
; ADC blocks                         ; 0                                           ;
+------------------------------------+---------------------------------------------+


+------------------------------------------------------------------------------------------------------------+
; Analysis & Synthesis Settings                                                                              ;
+------------------------------------------------------------------+--------------------+--------------------+
; Option                                                           ; Setting            ; Default Value      ;
+------------------------------------------------------------------+--------------------+--------------------+
; Device                                                           ; 10M08SAU169C8G     ;                    ;
; Top-level entity name                                            ; top                ; max10_uart         ;
; Family name                                                      ; MAX 10             ; Cyclone V          ;
; Use smart compilation                                            ; Off                ; Off                ;
; Enable parallel Assembler and Timing Analyzer during compilation ; On                 ; On                 ;
; Enable compact report table                                      ; Off                ; Off                ;
; Restructure Multiplexers                                         ; Auto               ; Auto               ;
; Create Debugging Nodes for IP Cores                              ; Off                ; Off                ;
; Preserve fewer node names                                        ; On                 ; On                 ;
; Intel FPGA IP Evaluation Mode                                    ; Enable             ; Enable             ;
; Verilog Version                                                  ; Verilog_2001       ; Verilog_2001       ;
; VHDL Version                                                     ; VHDL_1993          ; VHDL_1993          ;
; State Machine Processing                                         ; Auto               ; Auto               ;
; Safe State Machine                                               ; Off                ; Off                ;
; Extract Verilog State Machines                                   ; On                 ; On                 ;
; Extract VHDL State Machines                                      ; On                 ; On                 ;
; Ignore Verilog initial constructs                                ; Off                ; Off                ;
; Iteration limit for constant Verilog loops                       ; 5000               ; 5000               ;
; Iteration limit for non-constant Verilog loops                   ; 250                ; 250                ;
; Add Pass-Through Logic to Inferred RAMs                          ; On                 ; On                 ;
; Infer RAMs from Raw Logic                                        ; On                 ; On                 ;
; Parallel Synthesis                                               ; On                 ; On                 ;
; DSP Block Balancing                                              ; Auto               ; Auto               ;
; NOT Gate Push-Back                                               ; On                 ; On                 ;
; Power-Up Don't Care                                              ; On                 ; On                 ;
; Remove Redundant Logic Cells                                     ; Off                ; Off                ;
; Remove Duplicate Registers                                       ; On                 ; On                 ;
; Ignore CARRY Buffers                                             ; Off                ; Off                ;
; Ignore CASCADE Buffers                                           ; Off                ; Off                ;
; Ignore GLOBAL Buffers                                            ; Off                ; Off                ;
; Ignore ROW GLOBAL Buffers                                        ; Off                ; Off                ;
; Ignore LCELL Buffers                                             ; Off                ; Off                ;
; Ignore SOFT Buffers                                              ; On                 ; On                 ;
; Limit AHDL Integers to 32 Bits                                   ; Off                ; Off                ;
; Optimization Technique                                           ; Balanced           ; Balanced           ;
; Carry Chain Length                                               ; 70                 ; 70                 ;
; Auto Carry Chains                                                ; On                 ; On                 ;
; Auto Open-Drain Pins                                             ; On                 ; On                 ;
; Perform WYSIWYG Primitive Resynthesis                            ; Off                ; Off                ;
; Auto ROM Replacement                                             ; On                 ; On                 ;
; Auto RAM Replacement                                             ; On                 ; On                 ;
; Auto DSP Block Replacement                                       ; On                 ; On                 ;
; Auto Shift Register Replacement                                  ; Auto               ; Auto               ;
; Allow Shift Register Merging across Hierarchies                  ; Auto               ; Auto               ;
; Auto Clock Enable Replacement                                    ; On                 ; On                 ;
; Strict RAM Replacement                                           ; Off                ; Off                ;
; Allow Synchronous Control Signals                                ; On                 ; On                 ;
; Force Use of Synchronous Clear Signals                           ; Off                ; Off                ;
; Auto RAM Block Balancing                                         ; On                 ; On                 ;
; Auto RAM to Logic Cell Conversion                                ; Off                ; Off                ;
; Auto Resource Sharing                                            ; Off                ; Off                ;
; Allow Any RAM Size For Recognition                               ; Off                ; Off                ;
; Allow Any ROM Size For Recognition                               ; Off                ; Off                ;
; Allow Any Shift Register Size For Recognition                    ; Off                ; Off                ;
; Use LogicLock Constraints during Resource Balancing              ; On                 ; On                 ;
; Ignore translate_off and synthesis_off directives                ; Off                ; Off                ;
; Timing-Driven Synthesis                                          ; On                 ; On                 ;
; Report Parameter Settings                                        ; On                 ; On                 ;
; Report Source Assignments                                        ; On                 ; On                 ;
; Report Connectivity Checks                                       ; On                 ; On                 ;
; Ignore Maximum Fan-Out Assignments                               ; Off                ; Off                ;
; Synchronization Register Chain Length                            ; 2                  ; 2                  ;
; Power Optimization During Synthesis                              ; Normal compilation ; Normal compilation ;
; HDL message level                                                ; Level2             ; Level2             ;
; Suppress Register Optimization Related Messages                  ; Off                ; Off                ;
; Number of Removed Registers Reported in Synthesis Report         ; 5000               ; 5000               ;
; Number of Swept Nodes Reported in Synthesis Report               ; 5000               ; 5000               ;
; Number of Inverted Registers Reported in Synthesis Report        ; 100                ; 100                ;
; Clock MUX Protection                                             ; On                 ; On                 ;
; Auto Gated Clock Conversion                                      ; Off                ; Off                ;
; Block Design Naming                                              ; Auto               ; Auto               ;
; SDC constraint protection                                        ; Off                ; Off                ;
; Synthesis Effort                                                 ; Auto               ; Auto               ;
; Shift Register Replacement - Allow Asynchronous Clear Signal     ; On                 ; On                 ;
; Pre-Mapping Resynthesis Optimization                             ; Off                ; Off                ;
; Analysis & Synthesis Message Level                               ; Medium             ; Medium             ;
; Disable Register Merging Across Hierarchies                      ; Auto               ; Auto               ;
; Resource Aware Inference For Block RAM                           ; On                 ; On                 ;
+------------------------------------------------------------------+--------------------+--------------------+


+------------------------------------------+
; Parallel Compilation                     ;
+----------------------------+-------------+
; Processors                 ; Number      ;
+----------------------------+-------------+
; Number detected on machine ; 8           ;
; Maximum allowed            ; 4           ;
;                            ;             ;
; Average used               ; 1.00        ;
; Maximum used               ; 4           ;
;                            ;             ;
; Usage by Processor         ; % Time Used ;
;     Processor 1            ; 100.0%      ;
;     Processors 2-4         ;   0.0%      ;
+----------------------------+-------------+


+----------------------------------------------------------------------------------------------------------------------------------+
; Analysis & Synthesis Source Files Read                                                                                           ;
+----------------------------------+-----------------+------------------------+------------------------------------------+---------+
; File Name with User-Entered Path ; Used in Netlist ; File Type              ; File Name with Absolute Path             ; Library ;
+----------------------------------+-----------------+------------------------+------------------------------------------+---------+
; uart_tx.v                        ; yes             ; User Verilog HDL File  ; /home/peca/Projects/max10_uart/uart_tx.v ;         ;
; uart_rx.v                        ; yes             ; User Verilog HDL File  ; /home/peca/Projects/max10_uart/uart_rx.v ;         ;
; top.v                            ; yes             ; User Verilog HDL File  ; /home/peca/Projects/max10_uart/top.v     ;         ;
+----------------------------------+-----------------+------------------------+------------------------------------------+---------+


+------------------------------------------------------------+
; Analysis & Synthesis Resource Usage Summary                ;
+---------------------------------------------+--------------+
; Resource                                    ; Usage        ;
+---------------------------------------------+--------------+
; Estimated Total logic elements              ; 166          ;
;                                             ;              ;
; Total combinational functions               ; 145          ;
; Logic element usage by number of LUT inputs ;              ;
;     -- 4 input functions                    ; 26           ;
;     -- 3 input functions                    ; 60           ;
;     -- <=2 input functions                  ; 59           ;
;                                             ;              ;
; Logic elements by mode                      ;              ;
;     -- normal mode                          ; 68           ;
;     -- arithmetic mode                      ; 77           ;
;                                             ;              ;
; Total registers                             ; 93           ;
;     -- Dedicated logic registers            ; 93           ;
;     -- I/O registers                        ; 0            ;
;                                             ;              ;
; I/O pins                                    ; 39           ;
;                                             ;              ;
; Embedded Multiplier 9-bit elements          ; 0            ;
;                                             ;              ;
; Maximum fan-out node                        ; CLK12M~input ;
; Maximum fan-out                             ; 93           ;
; Total fan-out                               ; 883          ;
; Average fan-out                             ; 2.56         ;
+---------------------------------------------+--------------+


+------------------------------------------------------------------------------------------------------------------------------------------------------------------------------------------------------------------------------------+
; Analysis & Synthesis Resource Utilization by Entity                                                                                                                                                                                ;
+----------------------------+---------------------+---------------------------+-------------+------------+--------------+---------+-----------+------+--------------+------------+---------------------+-------------+--------------+
; Compilation Hierarchy Node ; Combinational ALUTs ; Dedicated Logic Registers ; Memory Bits ; UFM Blocks ; DSP Elements ; DSP 9x9 ; DSP 18x18 ; Pins ; Virtual Pins ; ADC blocks ; Full Hierarchy Name ; Entity Name ; Library Name ;
+----------------------------+---------------------+---------------------------+-------------+------------+--------------+---------+-----------+------+--------------+------------+---------------------+-------------+--------------+
; |top                       ; 145 (7)             ; 93 (16)                   ; 0           ; 0          ; 0            ; 0       ; 0         ; 39   ; 0            ; 0          ; |top                ; top         ; work         ;
;    |uart_rx:U2|            ; 108 (108)           ; 56 (56)                   ; 0           ; 0          ; 0            ; 0       ; 0         ; 0    ; 0            ; 0          ; |top|uart_rx:U2     ; uart_rx     ; work         ;
;    |uart_tx:U1|            ; 30 (30)             ; 21 (21)                   ; 0           ; 0          ; 0            ; 0       ; 0         ; 0    ; 0            ; 0          ; |top|uart_tx:U1     ; uart_tx     ; work         ;
+----------------------------+---------------------+---------------------------+-------------+------------+--------------+---------+-----------+------+--------------+------------+---------------------+-------------+--------------+
Note: For table entries with two numbers listed, the numbers in parentheses indicate the number of resources of the given type used by the specific entity alone. The numbers listed outside of parentheses indicate the total resources of the given type used by the specific entity and all of its sub-entities in the hierarchy.


+---------------------------------------------------------------------------------+
; Registers Removed During Synthesis                                              ;
+----------------------------------------+----------------------------------------+
; Register name                          ; Reason for Removal                     ;
+----------------------------------------+----------------------------------------+
; uart_tx:U1|cmax[7]                     ; Stuck at GND due to stuck port data_in ;
; uart_tx:U1|cmax[5,6]                   ; Stuck at VCC due to stuck port data_in ;
; uart_tx:U1|cmax[3,4]                   ; Stuck at GND due to stuck port data_in ;
; uart_tx:U1|cmax[0..2]                  ; Stuck at VCC due to stuck port data_in ;
; q[7]                                   ; Stuck at GND due to stuck port data_in ;
; LED[7]~reg0                            ; Stuck at GND due to stuck port data_in ;
; uart_tx:U1|bit_sreg[7]                 ; Stuck at GND due to stuck port data_in ;
; Total Number of Removed Registers = 11 ;                                        ;
+----------------------------------------+----------------------------------------+


+-----------------------------------------------------------------------------------------+
; Removed Registers Triggering Further Register Optimizations                             ;
+--------------------+---------------------------+----------------------------------------+
; Register name      ; Reason for Removal        ; Registers Removed due to This Register ;
+--------------------+---------------------------+----------------------------------------+
; uart_tx:U1|cmax[7] ; Stuck at GND              ; uart_tx:U1|bit_sreg[7]                 ;
;                    ; due to stuck port data_in ;                                        ;
; q[7]               ; Stuck at GND              ; LED[7]~reg0                            ;
;                    ; due to stuck port data_in ;                                        ;
+--------------------+---------------------------+----------------------------------------+


+------------------------------------------------------+
; General Register Statistics                          ;
+----------------------------------------------+-------+
; Statistic                                    ; Value ;
+----------------------------------------------+-------+
; Total registers                              ; 93    ;
; Number of registers using Synchronous Clear  ; 43    ;
; Number of registers using Synchronous Load   ; 0     ;
; Number of registers using Asynchronous Clear ; 93    ;
; Number of registers using Asynchronous Load  ; 0     ;
; Number of registers using Clock Enable       ; 85    ;
; Number of registers using Preset             ; 0     ;
+----------------------------------------------+-------+


+---------------------------------------------------+
; Inverted Register Statistics                      ;
+-----------------------------------------+---------+
; Inverted Register                       ; Fan out ;
+-----------------------------------------+---------+
; uart_tx:U1|tx_ready                     ; 16      ;
; source_ready                            ; 6       ;
; uart_tx:U1|tx                           ; 3       ;
; uart_rx:U2|voted                        ; 1       ;
; uart_rx:U2|nbusy                        ; 18      ;
; uart_rx:U2|cmax[0]                      ; 2       ;
; uart_rx:U2|cmax[1]                      ; 4       ;
; uart_rx:U2|cmax[2]                      ; 4       ;
; uart_rx:U2|cmax[5]                      ; 4       ;
; uart_rx:U2|cmax[6]                      ; 4       ;
; Total number of inverted registers = 10 ;         ;
+-----------------------------------------+---------+


+--------------------------------------------------------------------------------------------------------------------------------------------+
; Multiplexer Restructuring Statistics (Restructuring Performed)                                                                             ;
+--------------------+-----------+---------------+----------------------+------------------------+------------+------------------------------+
; Multiplexer Inputs ; Bus Width ; Baseline Area ; Area if Restructured ; Saving if Restructured ; Registered ; Example Multiplexer Output   ;
+--------------------+-----------+---------------+----------------------+------------------------+------------+------------------------------+
; 3:1                ; 7 bits    ; 14 LEs        ; 7 LEs                ; 7 LEs                  ; Yes        ; |top|uart_tx:U1|bit_sreg[6]  ;
; 3:1                ; 10 bits   ; 20 LEs        ; 10 LEs               ; 10 LEs                 ; Yes        ; |top|uart_rx:U2|popcnt_h1[3] ;
; 3:1                ; 10 bits   ; 20 LEs        ; 10 LEs               ; 10 LEs                 ; Yes        ; |top|uart_rx:U2|popcnt_h0[3] ;
; 4:1                ; 8 bits    ; 16 LEs        ; 8 LEs                ; 8 LEs                  ; Yes        ; |top|uart_tx:U1|counter[0]   ;
; 4:1                ; 10 bits   ; 20 LEs        ; 10 LEs               ; 10 LEs                 ; Yes        ; |top|uart_rx:U2|counter[8]   ;
; 4:1                ; 5 bits    ; 10 LEs        ; 10 LEs               ; 0 LEs                  ; Yes        ; |top|uart_rx:U2|cmax[3]      ;
; 4:1                ; 5 bits    ; 10 LEs        ; 10 LEs               ; 0 LEs                  ; Yes        ; |top|uart_rx:U2|cmax[0]      ;
+--------------------+-----------+---------------+----------------------+------------------------+------------+------------------------------+


+---------------------------------------------------------+
; Parameter Settings for User Entity Instance: uart_rx:U2 ;
+----------------+----------+-----------------------------+
; Parameter Name ; Value    ; Type                        ;
+----------------+----------+-----------------------------+
; clk_freq       ; 12000000 ; Signed Integer              ;
; baud_rate      ; 115200   ; Signed Integer              ;
+----------------+----------+-----------------------------+
Note: In order to hide this table in the UI and the text report file, please set the "Show Parameter Settings in Synthesis Report" option in "Analysis and Synthesis Settings -> More Settings" to "Off".


+---------------------------------------------------------+
; Parameter Settings for User Entity Instance: uart_tx:U1 ;
+----------------+----------+-----------------------------+
; Parameter Name ; Value    ; Type                        ;
+----------------+----------+-----------------------------+
; clk_freq       ; 12000000 ; Signed Integer              ;
; baud_rate      ; 115200   ; Signed Integer              ;
; width          ; 8        ; Signed Integer              ;
+----------------+----------+-----------------------------+
Note: In order to hide this table in the UI and the text report file, please set the "Show Parameter Settings in Synthesis Report" option in "Analysis and Synthesis Settings -> More Settings" to "Off".


+---------------------------------------------------------------------------------------------------------------------------------------+
; Port Connectivity Checks: "uart_rx:U2"                                                                                                ;
+--------+--------+----------+----------------------------------------------------------------------------------------------------------+
; Port   ; Type   ; Severity ; Details                                                                                                  ;
+--------+--------+----------+----------------------------------------------------------------------------------------------------------+
; cmax_o ; Output ; Warning  ; Declared by entity but not connected by instance. Logic that only feeds a dangling port will be removed. ;
+--------+--------+----------+----------------------------------------------------------------------------------------------------------+


+-----------------------------------------------------+
; Post-Synthesis Netlist Statistics for Top Partition ;
+-----------------------+-----------------------------+
; Type                  ; Count                       ;
+-----------------------+-----------------------------+
; boundary_port         ; 39                          ;
; cycloneiii_ff         ; 93                          ;
;     CLR               ; 8                           ;
;     ENA CLR           ; 42                          ;
;     ENA CLR SCLR      ; 43                          ;
; cycloneiii_io_obuf    ; 29                          ;
; cycloneiii_lcell_comb ; 146                         ;
;     arith             ; 77                          ;
;         2 data inputs ; 35                          ;
;         3 data inputs ; 42                          ;
;     normal            ; 69                          ;
;         0 data inputs ; 1                           ;
;         1 data inputs ; 7                           ;
;         2 data inputs ; 17                          ;
;         3 data inputs ; 18                          ;
;         4 data inputs ; 26                          ;
;                       ;                             ;
; Max LUT depth         ; 6.30                        ;
; Average LUT depth     ; 2.89                        ;
+-----------------------+-----------------------------+


+-------------------------------+
; Elapsed Time Per Partition    ;
+----------------+--------------+
; Partition Name ; Elapsed Time ;
+----------------+--------------+
; Top            ; 00:00:00     ;
+----------------+--------------+


+-------------------------------+
; Analysis & Synthesis Messages ;
+-------------------------------+
Info: *******************************************************************
Info: Running Quartus Prime Analysis & Synthesis
    Info: Version 19.1.0 Build 670 09/22/2019 SJ Lite Edition
    Info: Processing started: Sun Apr 19 02:23:28 2020
Info: Command: quartus_map --read_settings_files=on --write_settings_files=off max10_uart -c max10_uart
Warning (18236): Number of processors has not been specified which may cause overloading on shared machines.  Set the global assignment NUM_PARALLEL_PROCESSORS in your QSF to an appropriate value for best performance.
Info (20030): Parallel compilation is enabled and will use 4 of the 4 processors detected
Info (12021): Found 1 design units, including 1 entities, in source file uart_tx.v
    Info (12023): Found entity 1: uart_tx File: /home/peca/Projects/max10_uart/uart_tx.v Line: 1
Info (12021): Found 1 design units, including 1 entities, in source file uart_rx.v
    Info (12023): Found entity 1: uart_rx File: /home/peca/Projects/max10_uart/uart_rx.v Line: 1
Info (12021): Found 1 design units, including 1 entities, in source file top.v
    Info (12023): Found entity 1: top File: /home/peca/Projects/max10_uart/top.v Line: 1
Warning (10222): Verilog HDL Parameter Declaration warning at uart_rx.v(21): Parameter Declaration in module "uart_rx" behaves as a Local Parameter Declaration because the module has a Module Parameter Port List File: /home/peca/Projects/max10_uart/uart_rx.v Line: 21
Info (12127): Elaborating entity "top" for the top level hierarchy
Warning (10036): Verilog HDL or VHDL warning at top.v(18): object "clk" assigned a value but never read File: /home/peca/Projects/max10_uart/top.v Line: 18
Warning (10665): Bidirectional port "BDBUS[0]" at top.v(7) has a one-way connection to bidirectional port "D[0]" File: /home/peca/Projects/max10_uart/top.v Line: 7
Info (12128): Elaborating entity "uart_rx" for hierarchy "uart_rx:U2" File: /home/peca/Projects/max10_uart/top.v Line: 48
Warning (10230): Verilog HDL assignment warning at uart_rx.v(85): truncated value with size 32 to match size of target (10) File: /home/peca/Projects/max10_uart/uart_rx.v Line: 85
Warning (10230): Verilog HDL assignment warning at uart_rx.v(94): truncated value with size 32 to match size of target (10) File: /home/peca/Projects/max10_uart/uart_rx.v Line: 94
Info (12128): Elaborating entity "uart_tx" for hierarchy "uart_tx:U1" File: /home/peca/Projects/max10_uart/top.v Line: 57
Warning (10230): Verilog HDL assignment warning at uart_tx.v(30): truncated value with size 32 to match size of target (8) File: /home/peca/Projects/max10_uart/uart_tx.v Line: 30
Warning (10230): Verilog HDL assignment warning at uart_tx.v(38): truncated value with size 32 to match size of target (8) File: /home/peca/Projects/max10_uart/uart_tx.v Line: 38
Warning (12241): 1 hierarchies have connectivity warnings - see the Connectivity Checks report folder
Warning (13034): The following nodes have both tri-state and non-tri-state drivers
    Warning (13035): Inserted always-enabled tri-state buffer between "BDBUS[1]" and its non-tri-state driver. File: /home/peca/Projects/max10_uart/top.v Line: 7
    Warning (13035): Inserted always-enabled tri-state buffer between "D[1]" and its non-tri-state driver. File: /home/peca/Projects/max10_uart/top.v Line: 9
    Warning (13035): Inserted always-enabled tri-state buffer between "D[2]" and its non-tri-state driver. File: /home/peca/Projects/max10_uart/top.v Line: 9
    Warning (13035): Inserted always-enabled tri-state buffer between "D[3]" and its non-tri-state driver. File: /home/peca/Projects/max10_uart/top.v Line: 9
    Warning (13035): Inserted always-enabled tri-state buffer between "D[4]" and its non-tri-state driver. File: /home/peca/Projects/max10_uart/top.v Line: 9
Warning (13039): The following bidirectional pins have no drivers
    Warning (13040): bidirectional pin "BDBUS[0]" has no driver File: /home/peca/Projects/max10_uart/top.v Line: 7
    Warning (13040): bidirectional pin "PIO[1]" has no driver File: /home/peca/Projects/max10_uart/top.v Line: 5
    Warning (13040): bidirectional pin "PIO[2]" has no driver File: /home/peca/Projects/max10_uart/top.v Line: 5
    Warning (13040): bidirectional pin "PIO[3]" has no driver File: /home/peca/Projects/max10_uart/top.v Line: 5
    Warning (13040): bidirectional pin "PIO[4]" has no driver File: /home/peca/Projects/max10_uart/top.v Line: 5
    Warning (13040): bidirectional pin "PIO[5]" has no driver File: /home/peca/Projects/max10_uart/top.v Line: 5
    Warning (13040): bidirectional pin "PIO[6]" has no driver File: /home/peca/Projects/max10_uart/top.v Line: 5
    Warning (13040): bidirectional pin "PIO[7]" has no driver File: /home/peca/Projects/max10_uart/top.v Line: 5
    Warning (13040): bidirectional pin "PIO[8]" has no driver File: /home/peca/Projects/max10_uart/top.v Line: 5
    Warning (13040): bidirectional pin "BDBUS[2]" has no driver File: /home/peca/Projects/max10_uart/top.v Line: 7
    Warning (13040): bidirectional pin "BDBUS[3]" has no driver File: /home/peca/Projects/max10_uart/top.v Line: 7
    Warning (13040): bidirectional pin "BDBUS[4]" has no driver File: /home/peca/Projects/max10_uart/top.v Line: 7
    Warning (13040): bidirectional pin "BDBUS[5]" has no driver File: /home/peca/Projects/max10_uart/top.v Line: 7
    Warning (13040): bidirectional pin "D[5]" has no driver File: /home/peca/Projects/max10_uart/top.v Line: 9
    Warning (13040): bidirectional pin "D[6]" has no driver File: /home/peca/Projects/max10_uart/top.v Line: 9
    Warning (13040): bidirectional pin "D[7]" has no driver File: /home/peca/Projects/max10_uart/top.v Line: 9
    Warning (13040): bidirectional pin "D[8]" has no driver File: /home/peca/Projects/max10_uart/top.v Line: 9
    Warning (13040): bidirectional pin "D[9]" has no driver File: /home/peca/Projects/max10_uart/top.v Line: 9
    Warning (13040): bidirectional pin "D[10]" has no driver File: /home/peca/Projects/max10_uart/top.v Line: 9
    Warning (13040): bidirectional pin "D[11]" has no driver File: /home/peca/Projects/max10_uart/top.v Line: 9
    Warning (13040): bidirectional pin "D[12]" has no driver File: /home/peca/Projects/max10_uart/top.v Line: 9
    Warning (13040): bidirectional pin "D[13]" has no driver File: /home/peca/Projects/max10_uart/top.v Line: 9
    Warning (13040): bidirectional pin "D[14]" has no driver File: /home/peca/Projects/max10_uart/top.v Line: 9
Info (13000): Registers with preset signals will power-up high File: /home/peca/Projects/max10_uart/uart_tx.v Line: 6
Info (13003): DEV_CLRn pin will set, and not reset, register with preset signal due to NOT Gate Push-Back
Warning (13009): TRI or OPNDRN buffers permanently enabled
    Warning (13010): Node "BDBUS[1]~synth" File: /home/peca/Projects/max10_uart/top.v Line: 7
    Warning (13010): Node "rx~synth" File: /home/peca/Projects/max10_uart/top.v Line: 13
    Warning (13010): Node "D[1]~synth" File: /home/peca/Projects/max10_uart/top.v Line: 9
    Warning (13010): Node "D[2]~synth" File: /home/peca/Projects/max10_uart/top.v Line: 9
    Warning (13010): Node "D[3]~synth" File: /home/peca/Projects/max10_uart/top.v Line: 9
    Warning (13010): Node "D[4]~synth" File: /home/peca/Projects/max10_uart/top.v Line: 9
Warning (13024): Output pins are stuck at VCC or GND
    Warning (13410): Pin "LED[7]" is stuck at GND File: /home/peca/Projects/max10_uart/top.v Line: 63
Info (286030): Timing-Driven Synthesis is running
Info (144001): Generated suppressed messages file /home/peca/Projects/max10_uart/output_files/max10_uart.map.smsg
Info (16010): Generating hard_block partition "hard_block:auto_generated_inst"
    Info (16011): Adding 0 node(s), including 0 DDIO, 0 PLL, 0 transceiver and 0 LCELL
Info (21057): Implemented 206 device resources after synthesis - the final resource count might be different
    Info (21058): Implemented 2 input pins
    Info (21059): Implemented 8 output pins
    Info (21060): Implemented 29 bidirectional pins
    Info (21061): Implemented 167 logic cells
Info: Quartus Prime Analysis & Synthesis was successful. 0 errors, 48 warnings
    Info: Peak virtual memory: 984 megabytes
    Info: Processing ended: Sun Apr 19 02:23:40 2020
    Info: Elapsed time: 00:00:12
    Info: Total CPU time (on all processors): 00:00:22


+------------------------------------------+
; Analysis & Synthesis Suppressed Messages ;
+------------------------------------------+
The suppressed messages can be found in /home/peca/Projects/max10_uart/output_files/max10_uart.map.smsg.


